Info: Starting: Create block symbol file (.bsf)
Info: qsys-generate "D:\UNAM\TESIS - SERVICIO SOCIAL\Trabajo\DE10_AudioFun\Effects_Pedal\Oscilator.qsys" --block-symbol-file --output-directory="D:\UNAM\TESIS - SERVICIO SOCIAL\Trabajo\DE10_AudioFun\Effects_Pedal\Oscilator" --family="MAX 10" --part=10M50DAF484C7G
Progress: Loading Effects_Pedal/Oscilator.qsys
Progress: Reading input file
Progress: Adding nco_ii_0 [altera_nco_ii 20.1]
Progress: Parameterizing module nco_ii_0
Progress: Building connections
Progress: Parameterizing connections
Progress: Validating
Progress: Done reading input file
Info: qsys-generate succeeded.
Info: Finished: Create block symbol file (.bsf)
Info: 
Info: Starting: Create HDL design files for synthesis
Info: qsys-generate "D:\UNAM\TESIS - SERVICIO SOCIAL\Trabajo\DE10_AudioFun\Effects_Pedal\Oscilator.qsys" --synthesis=VHDL --output-directory="D:\UNAM\TESIS - SERVICIO SOCIAL\Trabajo\DE10_AudioFun\Effects_Pedal\Oscilator\synthesis" --family="MAX 10" --part=10M50DAF484C7G
Progress: Loading Effects_Pedal/Oscilator.qsys
Progress: Reading input file
Progress: Adding nco_ii_0 [altera_nco_ii 20.1]
Progress: Parameterizing module nco_ii_0
Progress: Building connections
Progress: Parameterizing connections
Progress: Validating
Progress: Done reading input file
Info: Oscilator: Generating Oscilator "Oscilator" for QUARTUS_SYNTH
Info: nco_ii_0: "Oscilator" instantiated altera_nco_ii "nco_ii_0"
Info: Oscilator: Done "Oscilator" with 2 modules, 24 files
Info: qsys-generate succeeded.
Info: Finished: Create HDL design files for synthesis
