Info: Starting: Create simulation model
Info: qsys-generate "D:\UNAM\Servicio Social\Trabajo\DE10_AudioFun\Effects_Pedal\ADC_debug.qsys" --simulation=VHDL --allow-mixed-language-simulation --output-directory="D:\UNAM\Servicio Social\Trabajo\DE10_AudioFun\Effects_Pedal\ADC_debug\simulation" --family="MAX 10" --part=10M50DAF484C7G
Progress: Loading Effects_Pedal/ADC_debug.qsys
Progress: Reading input file
Progress: Adding AvalonBridge [altera_jtag_avalon_master 20.1]
Progress: Parameterizing module AvalonBridge
Progress: Adding altpll_0 [altpll 20.1]
Progress: Parameterizing module altpll_0
Progress: Adding clk_0 [clock_source 20.1]
Progress: Parameterizing module clk_0
Progress: Adding clock_bridge_0 [altera_clock_bridge 20.1]
Progress: Parameterizing module clock_bridge_0
Progress: Adding modular_adc_0 [altera_modular_adc 20.1]
Progress: Parameterizing module modular_adc_0
Progress: Building connections
Progress: Parameterizing connections
Progress: Validating
Progress: Done reading input file
Info: ADC_debug.modular_adc_0.control_internal.response/st_splitter_internal.in: The sink has a empty signal of 1 bits, but the source does not. Avalon-ST Adapter will be inserted.
Info: ADC_debug.modular_adc_0.st_splitter_internal.out1/adc_monitor_internal.adc_data: The source has a empty signal of 1 bits, but the sink does not. Avalon-ST Adapter will be inserted.
Warning: ADC_debug.altpll_0: altpll_0.pll_slave must be connected to an Avalon-MM master
Warning: ADC_debug.modular_adc_0: modular_adc_0.sequencer_csr must be connected to an Avalon-MM master
Info: ADC_debug: Generating ADC_debug "ADC_debug" for SIM_VHDL
Info: altpll_0: Generating VHDL simulation model
Warning: Number of processors has not been specified which may cause overloading on shared machines.  Set the global assignment NUM_PARALLEL_PROCESSORS in your QSF to an appropriate value for best performance.
Warning: Verilog HDL or VHDL warning at ADC_debug_altpll_0.vhd(317): object "wire_w_address_range2w" assigned a value but never read File: C:/Users/Aom92/AppData/Local/Temp/alt9440_5550206531652433541.dir/0004_sopcqmap/ADC_debug_altpll_0.vhd Line: 317
Info: altpll_0: Generated simulation model ADC_debug_altpll_0.vho
Info: altpll_0: "ADC_debug" instantiated altpll "altpll_0"
Info: avalon_st_adapter: Inserting data_format_adapter: data_format_adapter_0
Info: avalon_st_adapter: Inserting timing_adapter: timing_adapter_0
Info: avalon_st_adapter: Inserting timing_adapter: timing_adapter_1
Info: avalon_st_adapter_001: Inserting data_format_adapter: data_format_adapter_0
Info: avalon_st_adapter_001: Inserting timing_adapter: timing_adapter_0
Info: avalon_st_adapter_001: Inserting timing_adapter: timing_adapter_1
Info: modular_adc_0: "ADC_debug" instantiated altera_modular_adc "modular_adc_0"
Info: rst_controller: "ADC_debug" instantiated altera_reset_controller "rst_controller"
Info: control_internal: "modular_adc_0" instantiated altera_modular_adc_control "control_internal"
Info: adc_monitor_internal: "modular_adc_0" instantiated altera_trace_adc_monitor "adc_monitor_internal"
Info: sequencer_internal: "modular_adc_0" instantiated altera_modular_adc_sequencer "sequencer_internal"
Info: st_splitter_internal: "modular_adc_0" instantiated altera_avalon_st_splitter "st_splitter_internal"
Info: avalon_st_adapter: "modular_adc_0" instantiated altera_avalon_st_adapter "avalon_st_adapter"
Info: avalon_st_adapter_001: "modular_adc_0" instantiated altera_avalon_st_adapter "avalon_st_adapter_001"
Info: altera_trace_adc_monitor_wa_inst: "Generating: altera_trace_adc_monitor_wa_inst"
Info: core: "adc_monitor_internal" instantiated altera_trace_adc_monitor_core "core"
Info: trace_endpoint: "adc_monitor_internal" instantiated altera_trace_monitor_endpoint "trace_endpoint"
Info: data_format_adapter_0: "avalon_st_adapter" instantiated data_format_adapter "data_format_adapter_0"
Info: timing_adapter_0: "avalon_st_adapter" instantiated timing_adapter "timing_adapter_0"
Info: timing_adapter_1: "avalon_st_adapter" instantiated timing_adapter "timing_adapter_1"
Info: data_format_adapter_0: "avalon_st_adapter_001" instantiated data_format_adapter "data_format_adapter_0"
Info: timing_adapter_0: "avalon_st_adapter_001" instantiated timing_adapter "timing_adapter_0"
Info: timing_adapter_1: "avalon_st_adapter_001" instantiated timing_adapter "timing_adapter_1"
Info: altera_trace_adc_monitor_wa_inst: "core" instantiated altera_trace_adc_monitor_core "altera_trace_adc_monitor_wa_inst"
Info: altera_trace_adc_monitor_wa_inst: "altera_trace_adc_monitor_wa_inst" instantiated altera_trace_adc_monitor_wa "altera_trace_adc_monitor_wa_inst"
Info: ADC_debug: Done "ADC_debug" with 20 modules, 29 files
Info: qsys-generate succeeded.
Info: Finished: Create simulation model
Info: Starting: Create Modelsim Project.
Info: sim-script-gen --spd="D:\UNAM\Servicio Social\Trabajo\DE10_AudioFun\Effects_Pedal\ADC_debug\ADC_debug.spd" --output-directory="D:/UNAM/Servicio Social/Trabajo/DE10_AudioFun/Effects_Pedal/ADC_debug/simulation/" --use-relative-paths=true
Info: Doing: ip-make-simscript --spd=D:\UNAM\Servicio Social\Trabajo\DE10_AudioFun\Effects_Pedal\ADC_debug\ADC_debug.spd --output-directory=D:/UNAM/Servicio Social/Trabajo/DE10_AudioFun/Effects_Pedal/ADC_debug/simulation/ --use-relative-paths=true
Info: Generating the following file(s) for MODELSIM simulator in D:/UNAM/Servicio Social/Trabajo/DE10_AudioFun/Effects_Pedal/ADC_debug/simulation/ directory:
Info: 	mentor/msim_setup.tcl
Info: Skipping VCS script generation since VHDL file $QUARTUS_INSTALL_DIR/eda/sim_lib/altera_syn_attributes.vhd is required for simulation
Info: Generating the following file(s) for VCSMX simulator in D:/UNAM/Servicio Social/Trabajo/DE10_AudioFun/Effects_Pedal/ADC_debug/simulation/ directory:
Info: 	synopsys/vcsmx/synopsys_sim.setup
Info: 	synopsys/vcsmx/vcsmx_setup.sh
Info: Generating the following file(s) for NCSIM simulator in D:/UNAM/Servicio Social/Trabajo/DE10_AudioFun/Effects_Pedal/ADC_debug/simulation/ directory:
Info: 	cadence/cds.lib
Info: 	cadence/hdl.var
Info: 	cadence/ncsim_setup.sh
Info: 	15 .cds.lib files in cadence/cds_libs/ directory
Info: Generating the following file(s) for RIVIERA simulator in D:/UNAM/Servicio Social/Trabajo/DE10_AudioFun/Effects_Pedal/ADC_debug/simulation/ directory:
Info: 	aldec/rivierapro_setup.tcl
Info: For information on how to simulate your IP, see the explanatory comments in the simulator-specific subdirectories under D:/UNAM/Servicio Social/Trabajo/DE10_AudioFun/Effects_Pedal/ADC_debug/simulation/.
Info: Regenerate these scripts whenever you make any change to any Quartus-generated IP in your project.
Info: Finished: Create Modelsim Project.
Info: Starting: Create block symbol file (.bsf)
Info: qsys-generate "D:\UNAM\Servicio Social\Trabajo\DE10_AudioFun\Effects_Pedal\ADC_debug.qsys" --block-symbol-file --output-directory="D:\UNAM\Servicio Social\Trabajo\DE10_AudioFun\Effects_Pedal\ADC_debug" --family="MAX 10" --part=10M50DAF484C7G
Progress: Loading Effects_Pedal/ADC_debug.qsys
Progress: Reading input file
Progress: Adding AvalonBridge [altera_jtag_avalon_master 20.1]
Progress: Parameterizing module AvalonBridge
Progress: Adding altpll_0 [altpll 20.1]
Progress: Parameterizing module altpll_0
Progress: Adding clk_0 [clock_source 20.1]
Progress: Parameterizing module clk_0
Progress: Adding clock_bridge_0 [altera_clock_bridge 20.1]
Progress: Parameterizing module clock_bridge_0
Progress: Adding modular_adc_0 [altera_modular_adc 20.1]
Progress: Parameterizing module modular_adc_0
Progress: Building connections
Progress: Parameterizing connections
Progress: Validating
Progress: Done reading input file
Info: ADC_debug.modular_adc_0.control_internal.response/st_splitter_internal.in: The sink has a empty signal of 1 bits, but the source does not. Avalon-ST Adapter will be inserted.
Info: ADC_debug.modular_adc_0.st_splitter_internal.out1/adc_monitor_internal.adc_data: The source has a empty signal of 1 bits, but the sink does not. Avalon-ST Adapter will be inserted.
Warning: ADC_debug.altpll_0: altpll_0.pll_slave must be connected to an Avalon-MM master
Warning: ADC_debug.modular_adc_0: modular_adc_0.sequencer_csr must be connected to an Avalon-MM master
Info: qsys-generate succeeded.
Info: Finished: Create block symbol file (.bsf)
Info: 
Info: Starting: Create HDL design files for synthesis
Info: qsys-generate "D:\UNAM\Servicio Social\Trabajo\DE10_AudioFun\Effects_Pedal\ADC_debug.qsys" --synthesis=VHDL --output-directory="D:\UNAM\Servicio Social\Trabajo\DE10_AudioFun\Effects_Pedal\ADC_debug\synthesis" --family="MAX 10" --part=10M50DAF484C7G
Progress: Loading Effects_Pedal/ADC_debug.qsys
Progress: Reading input file
Progress: Adding AvalonBridge [altera_jtag_avalon_master 20.1]
Progress: Parameterizing module AvalonBridge
Progress: Adding altpll_0 [altpll 20.1]
Progress: Parameterizing module altpll_0
Progress: Adding clk_0 [clock_source 20.1]
Progress: Parameterizing module clk_0
Progress: Adding clock_bridge_0 [altera_clock_bridge 20.1]
Progress: Parameterizing module clock_bridge_0
Progress: Adding modular_adc_0 [altera_modular_adc 20.1]
Progress: Parameterizing module modular_adc_0
Progress: Building connections
Progress: Parameterizing connections
Progress: Validating
Progress: Done reading input file
Info: ADC_debug.modular_adc_0.control_internal.response/st_splitter_internal.in: The sink has a empty signal of 1 bits, but the source does not. Avalon-ST Adapter will be inserted.
Info: ADC_debug.modular_adc_0.st_splitter_internal.out1/adc_monitor_internal.adc_data: The source has a empty signal of 1 bits, but the sink does not. Avalon-ST Adapter will be inserted.
Warning: ADC_debug.altpll_0: altpll_0.pll_slave must be connected to an Avalon-MM master
Warning: ADC_debug.modular_adc_0: modular_adc_0.sequencer_csr must be connected to an Avalon-MM master
Info: ADC_debug: Generating ADC_debug "ADC_debug" for QUARTUS_SYNTH
Info: altpll_0: "ADC_debug" instantiated altpll "altpll_0"
Info: avalon_st_adapter: Inserting data_format_adapter: data_format_adapter_0
Info: avalon_st_adapter: Inserting timing_adapter: timing_adapter_0
Info: avalon_st_adapter: Inserting timing_adapter: timing_adapter_1
Info: avalon_st_adapter_001: Inserting data_format_adapter: data_format_adapter_0
Info: avalon_st_adapter_001: Inserting timing_adapter: timing_adapter_0
Info: avalon_st_adapter_001: Inserting timing_adapter: timing_adapter_1
Info: modular_adc_0: "ADC_debug" instantiated altera_modular_adc "modular_adc_0"
Info: rst_controller: "ADC_debug" instantiated altera_reset_controller "rst_controller"
Info: control_internal: "modular_adc_0" instantiated altera_modular_adc_control "control_internal"
Info: adc_monitor_internal: "modular_adc_0" instantiated altera_trace_adc_monitor "adc_monitor_internal"
Info: sequencer_internal: "modular_adc_0" instantiated altera_modular_adc_sequencer "sequencer_internal"
Info: st_splitter_internal: "modular_adc_0" instantiated altera_avalon_st_splitter "st_splitter_internal"
Info: avalon_st_adapter: "modular_adc_0" instantiated altera_avalon_st_adapter "avalon_st_adapter"
Info: avalon_st_adapter_001: "modular_adc_0" instantiated altera_avalon_st_adapter "avalon_st_adapter_001"
Info: altera_trace_adc_monitor_wa_inst: "Generating: altera_trace_adc_monitor_wa_inst"
Info: core: "adc_monitor_internal" instantiated altera_trace_adc_monitor_core "core"
Info: trace_endpoint: "adc_monitor_internal" instantiated altera_trace_monitor_endpoint "trace_endpoint"
Info: data_format_adapter_0: "avalon_st_adapter" instantiated data_format_adapter "data_format_adapter_0"
Info: timing_adapter_0: "avalon_st_adapter" instantiated timing_adapter "timing_adapter_0"
Info: timing_adapter_1: "avalon_st_adapter" instantiated timing_adapter "timing_adapter_1"
Info: data_format_adapter_0: "avalon_st_adapter_001" instantiated data_format_adapter "data_format_adapter_0"
Info: timing_adapter_0: "avalon_st_adapter_001" instantiated timing_adapter "timing_adapter_0"
Info: timing_adapter_1: "avalon_st_adapter_001" instantiated timing_adapter "timing_adapter_1"
Info: altera_trace_adc_monitor_wa_inst: "core" instantiated altera_trace_adc_monitor_core "altera_trace_adc_monitor_wa_inst"
Info: altera_trace_adc_monitor_wa_inst: "altera_trace_adc_monitor_wa_inst" instantiated altera_trace_adc_monitor_wa "altera_trace_adc_monitor_wa_inst"
Info: ADC_debug: Done "ADC_debug" with 20 modules, 30 files
Info: qsys-generate succeeded.
Info: Finished: Create HDL design files for synthesis
